[debug] [2025-01-28T05:46:35.773Z] ----------------------------------------------------------------------
[debug] [2025-01-28T05:46:35.782Z] Command:       D:\nodejs\node.exe C:\Users\DELL\AppData\Roaming\npm\node_modules\firebase-tools\lib\bin\firebase.js init
[debug] [2025-01-28T05:46:35.783Z] CLI Version:   13.29.2
[debug] [2025-01-28T05:46:35.783Z] Platform:      win32
[debug] [2025-01-28T05:46:35.784Z] Node Version:  v22.12.0
[debug] [2025-01-28T05:46:35.785Z] Time:          Tue Jan 28 2025 11:16:35 GMT+0530 (India Standard Time)
[debug] [2025-01-28T05:46:35.785Z] ----------------------------------------------------------------------
[debug] 
[debug] [2025-01-28T05:46:35.807Z] > command requires scopes: ["email","openid","https://www.googleapis.com/auth/cloudplatformprojects.readonly","https://www.googleapis.com/auth/firebase","https://www.googleapis.com/auth/cloud-platform"]
[debug] [2025-01-28T05:46:35.808Z] > authorizing via signed-in user (dhruvkotadiya90@gmail.com)
[info] 
     ######## #### ########  ######## ########     ###     ######  ########
     ##        ##  ##     ## ##       ##     ##  ##   ##  ##       ##
     ######    ##  ########  ######   ########  #########  ######  ######
     ##        ##  ##    ##  ##       ##     ## ##     ##       ## ##
     ##       #### ##     ## ######## ########  ##     ##  ######  ########

You're about to initialize a Firebase project in this directory:

  D:\Programms\html\Animated-Portifolio-master\Animated-Portifolio-master

[info] 
=== Project Setup
[info] 
[info] First, let's associate this project directory with a Firebase project.
[info] You can create multiple project aliases by running firebase use --add, 
[info] but for now we'll just set up a default project.
[info] 
[debug] [2025-01-28T05:46:52.056Z] Checked if tokens are valid: true, expires at: 1738046676070
[debug] [2025-01-28T05:46:52.056Z] Checked if tokens are valid: true, expires at: 1738046676070
[debug] [2025-01-28T05:46:52.059Z] >>> [apiv2][query] GET https://firebase.googleapis.com/v1beta1/projects pageSize=100
[debug] [2025-01-28T05:46:53.349Z] <<< [apiv2][status] GET https://firebase.googleapis.com/v1beta1/projects 200
[debug] [2025-01-28T05:46:53.350Z] <<< [apiv2][body] GET https://firebase.googleapis.com/v1beta1/projects [omitted]
[info] i  Using project portfolio-ed4e2 (Portfolio) 
[info] 
=== Hosting Setup
[debug] [2025-01-28T05:46:57.891Z] Checked if tokens are valid: true, expires at: 1738046676070
[debug] [2025-01-28T05:46:57.891Z] Checked if tokens are valid: true, expires at: 1738046676070
[debug] [2025-01-28T05:46:57.891Z] >>> [apiv2][query] GET https://firebase.googleapis.com/v1beta1/projects/portfolio-ed4e2 [none]
[debug] [2025-01-28T05:46:59.230Z] <<< [apiv2][status] GET https://firebase.googleapis.com/v1beta1/projects/portfolio-ed4e2 200
[debug] [2025-01-28T05:46:59.231Z] <<< [apiv2][body] GET https://firebase.googleapis.com/v1beta1/projects/portfolio-ed4e2 {"projectId":"portfolio-ed4e2","projectNumber":"496416028937","displayName":"Portfolio","name":"projects/portfolio-ed4e2","resources":{"hostingSite":"portfolio-ed4e2"},"state":"ACTIVE","etag":"1_96ef42e2-4ff6-4455-a83b-534e8ff44c7b"}
[info] 
[info] Your public directory is the folder (relative to your project directory) that
[info] will contain Hosting assets to be uploaded with firebase deploy. If you
[info] have a build process for your assets, use your build's output directory.
[info] 
